2014-05-14 09:59:13 [INFO] Starting Minecraft: PE server version v0.8.1 alpha
2014-05-14 09:59:13 [INFO] Loading properties...
2014-05-14 09:59:13 [INFO] Starting Minecraft PE server on *:19132
2014-05-14 09:59:14 [INFO] This server is running PocketMine-MP version Alpha_1.4dev "絶好(Zekkou)ケーキ(Cake)" (API 1.0.0)
2014-05-14 09:59:14 [INFO] PocketMine-MP is distributed under the LGPL License
2014-05-14 09:59:14 [INFO] Loading DevTools v1.5.0
2014-05-14 09:59:14 [INFO] Loading MyPluginLoader v0
2014-05-14 09:59:14 [WARNING] Non-packaged plugin MyPluginLoader detected, do not use on production.
2014-05-14 09:59:14 [INFO] pemapmodder\plugintester\Main loaded!
2014-05-14 09:59:14 [INFO] Loading LegionPE_Delta v3
2014-05-14 09:59:14 [WARNING] Non-packaged plugin LegionPE_Delta detected, do not use on production.
2014-05-14 09:59:14 [INFO] Loading C:\coding\_New-API\plugins\LegionPE-Delta\LegionPE-Delta!
2014-05-14 09:59:14 [INFO] Enabling DevTools v1.5.0
2014-05-14 09:59:14 [ERROR] Could not load duplicate plugin 'MyPluginLoader': plugin exists
2014-05-14 09:59:14 [INFO] Loading DevTools v1.5.0
2014-05-14 09:59:14 [INFO] Loading MyPluginLoader v0
2014-05-14 09:59:14 [WARNING] Non-packaged plugin MyPluginLoader detected, do not use on production.
2014-05-14 09:59:14 [INFO] pemapmodder\plugintester\Main loaded!
2014-05-14 09:59:14 [INFO] Loading LegionPE_Delta v3
2014-05-14 09:59:14 [WARNING] Non-packaged plugin LegionPE_Delta detected, do not use on production.
2014-05-14 09:59:14 [INFO] Loading C:\coding\_New-API\plugins\LegionPE-Delta\LegionPE-Delta!
2014-05-14 09:59:14 [INFO] Registered folder plugin loader
2014-05-14 09:59:14 [INFO] Enabling MyPluginLoader v0
2014-05-14 09:59:14 [INFO] pemapmodder\plugintester\Main enabled!
2014-05-14 09:59:14 [INFO] Preparing level "world"
2014-05-14 09:59:14 [INFO] Enabling LegionPE_Delta v3
2014-05-14 09:59:14 [INFO] Initializing Hub2014-05-14 09:59:14 [INFO] Starting GS4 status listener
2014-05-14 09:59:14 [INFO] Setting query port to 19132
2014-05-14 09:59:14 [INFO] Query running on 0.0.0.0:19132
2014-05-14 09:59:15 [INFO] Default game type: SURVIVAL
2014-05-14 09:59:15 [INFO] Done (1.582s)! For help, type "help" or "?"
2014-05-14 09:59:15 [INFO] Hub score bars have been updated.
2014-05-14 09:59:23 [INFO] [Server] I am now typing "/stop" into console
2014-05-14 09:59:27 [INFO] CONSOLE: Stopping the server...
2014-05-14 09:59:27 [INFO] Disabling LegionPE_Delta v3
2014-05-14 09:59:27 [INFO] Finalizing Hub